<?xml version="1.0" encoding="UTF-8"?>
<!-- Generated by org.testng.reporters.JUnitXMLReporter -->
<testsuite hostname="ESMADLBI0095" ignored="0" name="Surefire test" tests="1" failures="1" timestamp="23 Mar 2017 12:46:53 GMT" time="16.262" errors="0">
  <testcase name="feature" time="15.906" classname="cucumber.api.testng.AbstractTestNGCucumberTests">
    <failure type="cucumber.runtime.CucumberException" message="org.openqa.selenium.NoSuchElementException: Unable to locate element: {&amp;quot;method&amp;quot;:&amp;quot;id&amp;quot;,&amp;quot;selector&amp;quot;:&amp;quot;InitialWrong&amp;quot;}
Command duration or timeout: 14 milliseconds">
      <![CDATA[cucumber.runtime.CucumberException: org.openqa.selenium.NoSuchElementException: Unable to locate element: {"method":"id","selector":"InitialWrong"}
Command duration or timeout: 14 milliseconds
	at cucumber.api.testng.TestNGCucumberRunner.runCucumber(TestNGCucumberRunner.java:69)
	at cucumber.api.testng.AbstractTestNGCucumberTests.feature(AbstractTestNGCucumberTests.java:21)
Caused by: org.openqa.selenium.NoSuchElementException: Unable to locate element: {"method":"id","selector":"InitialWrong"}
Command duration or timeout: 14 milliseconds
	at org.openqa.selenium.remote.ErrorHandler.createThrowable(ErrorHandler.java:216)
	at org.openqa.selenium.remote.ErrorHandler.throwIfResponseFailed(ErrorHandler.java:168)
	at org.openqa.selenium.remote.RemoteWebDriver.execute(RemoteWebDriver.java:638)
	at org.openqa.selenium.remote.RemoteWebDriver.findElement(RemoteWebDriver.java:371)
	at org.openqa.selenium.remote.RemoteWebDriver.findElementById(RemoteWebDriver.java:420)
	at org.openqa.selenium.By$ById.findElement(By.java:218)
	at org.openqa.selenium.remote.RemoteWebDriver.findElement(RemoteWebDriver.java:363)
	at Steps.LoginStep.iShouldSeeTheUserformPage(LoginStep.java:54)
	at âœ½.Then I should see the userform page(login.feature:12)
Caused by: org.openqa.selenium.NoSuchElementException: Unable to locate element: {"method":"id","selector":"InitialWrong"}
For documentation on this error, please visit: http://seleniumhq.org/exceptions/no_such_element.html
Build info: version: '3.3.1', revision: '5234b325d5', time: '2017-03-10 09:10:29 +0000'
System info: host: 'ESMADLBI0095', ip: 'fe80:0:0:0:a65e:60ff:fec4:233f%en0', os.name: 'Mac OS X', os.arch: 'x86_64', os.version: '10.10.5', java.version: '1.8.0_121'
Driver info: driver.version: unknown
	at <anonymous class>.FirefoxDriver.prototype.findElementInternal_(file:///var/folders/yl/khdnqpxx7290tl1vv57yscbxtf_1pp/T/anonymous3874256420003078125webdriver-profile/extensions/fxdriver@googlecode.com/components/driver-component.js:11220)
	at <anonymous class>.FirefoxDriver.prototype.findElement(file:///var/folders/yl/khdnqpxx7290tl1vv57yscbxtf_1pp/T/anonymous3874256420003078125webdriver-profile/extensions/fxdriver@googlecode.com/components/driver-component.js:11229)
	at <anonymous class>.DelayedCommand.prototype.executeInternal_/k(file:///var/folders/yl/khdnqpxx7290tl1vv57yscbxtf_1pp/T/anonymous3874256420003078125webdriver-profile/extensions/fxdriver@googlecode.com/components/command-processor.js:12706)
	at <anonymous class>.DelayedCommand.prototype.executeInternal_(file:///var/folders/yl/khdnqpxx7290tl1vv57yscbxtf_1pp/T/anonymous3874256420003078125webdriver-profile/extensions/fxdriver@googlecode.com/components/command-processor.js:12711)
	at <anonymous class>.DelayedCommand.prototype.execute/<(file:///var/folders/yl/khdnqpxx7290tl1vv57yscbxtf_1pp/T/anonymous3874256420003078125webdriver-profile/extensions/fxdriver@googlecode.com/components/command-processor.js:12653)
... Removed 33 stack frames]]>
    </failure>
  </testcase> <!-- feature -->
</testsuite> <!-- Surefire test -->
